<?xml version="1.0" encoding="UTF-8"?>
<coverage generated="1533007913833" clover="3.2.0">
  <project timestamp="1533007913834" name="All files">
    <metrics statements="111" coveredstatements="44" conditionals="12" coveredconditionals="2" methods="23" coveredmethods="5" elements="146" coveredelements="51" complexity="0" loc="111" ncloc="111" packages="5" files="5" classes="5">
      <package name="photo-gallery">
        <metrics statements="3" coveredstatements="2" conditionals="0" coveredconditionals="0" methods="0" coveredmethods="0"/>
        <file name="assetsTransformer.js" path="/Users/Steven/photo-gallery/assetsTransformer.js">
          <metrics statements="3" coveredstatements="2" conditionals="0" coveredconditionals="0" methods="0" coveredmethods="0"/>
          <line num="1" count="2" type="stmt"/>
          <line num="3" count="2" type="stmt"/>
          <line num="5" count="0" type="stmt"/>
        </file>
      </package>
      <package name="photo-gallery.client.components">
        <metrics statements="70" coveredstatements="10" conditionals="10" coveredconditionals="2" methods="17" coveredmethods="3"/>
        <file name="photogallery.jsx" path="/Users/Steven/photo-gallery/client/components/photogallery.jsx">
          <metrics statements="70" coveredstatements="10" conditionals="10" coveredconditionals="2" methods="17" coveredmethods="3"/>
          <line num="9" count="2" type="stmt"/>
          <line num="11" count="2" type="stmt"/>
          <line num="15" count="6" type="stmt"/>
          <line num="16" count="6" type="stmt"/>
          <line num="20" count="6" type="stmt"/>
          <line num="24" count="1" type="stmt"/>
          <line num="28" count="7" type="stmt"/>
          <line num="30" count="7" type="stmt"/>
          <line num="31" count="0" type="stmt"/>
          <line num="32" count="0" type="stmt"/>
          <line num="33" count="0" type="stmt"/>
          <line num="34" count="0" type="stmt"/>
          <line num="37" count="0" type="stmt"/>
          <line num="40" count="7" type="stmt"/>
          <line num="60" count="0" type="cond" truecount="0" falsecount="2"/>
          <line num="61" count="0" type="stmt"/>
          <line num="62" count="0" type="stmt"/>
          <line num="63" count="0" type="stmt"/>
          <line num="65" count="0" type="stmt"/>
          <line num="66" count="0" type="stmt"/>
          <line num="67" count="0" type="stmt"/>
          <line num="71" count="0" type="stmt"/>
          <line num="72" count="0" type="stmt"/>
          <line num="73" count="0" type="stmt"/>
          <line num="74" count="0" type="stmt"/>
          <line num="75" count="0" type="stmt"/>
          <line num="76" count="0" type="stmt"/>
          <line num="88" count="0" type="stmt"/>
          <line num="89" count="0" type="stmt"/>
          <line num="93" count="0" type="stmt"/>
          <line num="106" count="0" type="cond" truecount="0" falsecount="2"/>
          <line num="107" count="0" type="stmt"/>
          <line num="108" count="0" type="stmt"/>
          <line num="109" count="0" type="stmt"/>
          <line num="111" count="0" type="stmt"/>
          <line num="112" count="0" type="stmt"/>
          <line num="113" count="0" type="stmt"/>
          <line num="117" count="0" type="stmt"/>
          <line num="118" count="0" type="stmt"/>
          <line num="119" count="0" type="stmt"/>
          <line num="120" count="0" type="stmt"/>
          <line num="121" count="0" type="stmt"/>
          <line num="122" count="0" type="stmt"/>
          <line num="134" count="0" type="cond" truecount="0" falsecount="2"/>
          <line num="135" count="0" type="stmt"/>
          <line num="136" count="0" type="stmt"/>
          <line num="137" count="0" type="stmt"/>
          <line num="139" count="0" type="stmt"/>
          <line num="140" count="0" type="stmt"/>
          <line num="141" count="0" type="stmt"/>
          <line num="145" count="0" type="stmt"/>
          <line num="146" count="0" type="stmt"/>
          <line num="147" count="0" type="stmt"/>
          <line num="148" count="0" type="stmt"/>
          <line num="149" count="0" type="stmt"/>
          <line num="150" count="0" type="stmt"/>
          <line num="167" count="0" type="cond" truecount="0" falsecount="2"/>
          <line num="168" count="0" type="stmt"/>
          <line num="169" count="0" type="stmt"/>
          <line num="170" count="0" type="stmt"/>
          <line num="172" count="0" type="stmt"/>
          <line num="173" count="0" type="stmt"/>
          <line num="174" count="0" type="stmt"/>
          <line num="178" count="0" type="stmt"/>
          <line num="179" count="0" type="stmt"/>
          <line num="180" count="0" type="stmt"/>
          <line num="181" count="0" type="stmt"/>
          <line num="182" count="0" type="stmt"/>
          <line num="183" count="0" type="stmt"/>
          <line num="197" count="2" type="stmt"/>
        </file>
      </package>
      <package name="photo-gallery.db">
        <metrics statements="9" coveredstatements="5" conditionals="2" coveredconditionals="0" methods="2" coveredmethods="0"/>
        <file name="index.js" path="/Users/Steven/photo-gallery/db/index.js">
          <metrics statements="9" coveredstatements="5" conditionals="2" coveredconditionals="0" methods="2" coveredmethods="0"/>
          <line num="1" count="2" type="stmt"/>
          <line num="3" count="2" type="stmt"/>
          <line num="10" count="2" type="stmt"/>
          <line num="12" count="2" type="stmt"/>
          <line num="13" count="0" type="stmt"/>
          <line num="14" count="0" type="cond" truecount="0" falsecount="2"/>
          <line num="15" count="0" type="stmt"/>
          <line num="16" count="0" type="stmt"/>
          <line num="21" count="2" type="stmt"/>
        </file>
      </package>
      <package name="photo-gallery.sampleData">
        <metrics statements="20" coveredstatements="20" conditionals="0" coveredconditionals="0" methods="2" coveredmethods="2"/>
        <file name="sampleData.js" path="/Users/Steven/photo-gallery/sampleData/sampleData.js">
          <metrics statements="20" coveredstatements="20" conditionals="0" coveredconditionals="0" methods="2" coveredmethods="2"/>
          <line num="1" count="1" type="stmt"/>
          <line num="2" count="1" type="stmt"/>
          <line num="104" count="1" type="stmt"/>
          <line num="105" count="3" type="stmt"/>
          <line num="106" count="3" type="stmt"/>
          <line num="107" count="104" type="stmt"/>
          <line num="109" count="3" type="stmt"/>
          <line num="112" count="1" type="stmt"/>
          <line num="113" count="3" type="stmt"/>
          <line num="114" count="3" type="stmt"/>
          <line num="117" count="3" type="stmt"/>
          <line num="118" count="104" type="stmt"/>
          <line num="119" count="312" type="stmt"/>
          <line num="120" count="312" type="stmt"/>
          <line num="121" count="312" type="stmt"/>
          <line num="122" count="312" type="stmt"/>
          <line num="125" count="3" type="stmt"/>
          <line num="128" count="1" type="stmt"/>
          <line num="130" count="1" type="stmt"/>
          <line num="132" count="1" type="stmt"/>
        </file>
      </package>
      <package name="photo-gallery.server">
        <metrics statements="9" coveredstatements="7" conditionals="0" coveredconditionals="0" methods="2" coveredmethods="0"/>
        <file name="server.js" path="/Users/Steven/photo-gallery/server/server.js">
          <metrics statements="9" coveredstatements="7" conditionals="0" coveredconditionals="0" methods="2" coveredmethods="0"/>
          <line num="1" count="1" type="stmt"/>
          <line num="3" count="1" type="stmt"/>
          <line num="5" count="1" type="stmt"/>
          <line num="7" count="1" type="stmt"/>
          <line num="9" count="1" type="stmt"/>
          <line num="10" count="0" type="stmt"/>
          <line num="11" count="0" type="stmt"/>
          <line num="14" count="1" type="stmt"/>
          <line num="16" count="1" type="stmt"/>
        </file>
      </package>
    </metrics>
  </project>
</coverage>
