{"/Users/Steven/photo-gallery/assetsTransformer.js": {"path":"/Users/Steven/photo-gallery/assetsTransformer.js","statementMap":{"0":{"start":{"line":1,"column":13},"end":{"line":1,"column":28}},"1":{"start":{"line":3,"column":0},"end":{"line":7,"column":2}},"2":{"start":{"line":5,"column":4},"end":{"line":5,"column":79}}},"fnMap":{},"branchMap":{},"s":{"0":2,"1":2,"2":0},"f":{},"b":{},"_coverageSchema":"332fd63041d2c1bcb487cc26dd0d5f7d97098a6c","hash":"c0a3d2cd525ac8f3398fe70c3bb7f4cadb549698"}
,"/Users/Steven/photo-gallery/client/components/photogallery.jsx": {"path":"/Users/Steven/photo-gallery/client/components/photogallery.jsx","statementMap":{"0":{"start":{"line":9,"column":10},"end":{"line":9,"column":27}},"1":{"start":{"line":11,"column":13},"end":{"line":11,"column":15}},"2":{"start":{"line":15,"column":4},"end":{"line":15,"column":17}},"3":{"start":{"line":16,"column":4},"end":{"line":19,"column":6}},"4":{"start":{"line":20,"column":4},"end":{"line":20,"column":57}},"5":{"start":{"line":24,"column":4},"end":{"line":24,"column":36}},"6":{"start":{"line":28,"column":35},"end":{"line":28,"column":45}},"7":{"start":{"line":30,"column":4},"end":{"line":38,"column":7}},"8":{"start":{"line":31,"column":6},"end":{"line":31,"column":18}},"9":{"start":{"line":32,"column":6},"end":{"line":35,"column":9}},"10":{"start":{"line":33,"column":8},"end":{"line":33,"column":55}},"11":{"start":{"line":34,"column":8},"end":{"line":34,"column":33}},"12":{"start":{"line":37,"column":6},"end":{"line":37,"column":27}},"13":{"start":{"line":40,"column":4},"end":{"line":193,"column":6}},"14":{"start":{"line":60,"column":18},"end":{"line":68,"column":19}},"15":{"start":{"line":61,"column":20},"end":{"line":61,"column":55}},"16":{"start":{"line":62,"column":20},"end":{"line":62,"column":51}},"17":{"start":{"line":63,"column":20},"end":{"line":63,"column":52}},"18":{"start":{"line":65,"column":20},"end":{"line":65,"column":55}},"19":{"start":{"line":66,"column":20},"end":{"line":66,"column":51}},"20":{"start":{"line":67,"column":20},"end":{"line":67,"column":53}},"21":{"start":{"line":71,"column":18},"end":{"line":71,"column":50}},"22":{"start":{"line":72,"column":18},"end":{"line":72,"column":52}},"23":{"start":{"line":73,"column":18},"end":{"line":73,"column":53}},"24":{"start":{"line":74,"column":18},"end":{"line":74,"column":49}},"25":{"start":{"line":75,"column":18},"end":{"line":75,"column":53}},"26":{"start":{"line":76,"column":18},"end":{"line":76,"column":49}},"27":{"start":{"line":88,"column":40},"end":{"line":88,"column":72}},"28":{"start":{"line":89,"column":43},"end":{"line":91,"column":20}},"29":{"start":{"line":93,"column":43},"end":{"line":95,"column":20}},"30":{"start":{"line":106,"column":18},"end":{"line":114,"column":19}},"31":{"start":{"line":107,"column":20},"end":{"line":107,"column":55}},"32":{"start":{"line":108,"column":20},"end":{"line":108,"column":51}},"33":{"start":{"line":109,"column":20},"end":{"line":109,"column":52}},"34":{"start":{"line":111,"column":20},"end":{"line":111,"column":55}},"35":{"start":{"line":112,"column":20},"end":{"line":112,"column":51}},"36":{"start":{"line":113,"column":20},"end":{"line":113,"column":53}},"37":{"start":{"line":117,"column":18},"end":{"line":117,"column":50}},"38":{"start":{"line":118,"column":18},"end":{"line":118,"column":52}},"39":{"start":{"line":119,"column":18},"end":{"line":119,"column":53}},"40":{"start":{"line":120,"column":18},"end":{"line":120,"column":49}},"41":{"start":{"line":121,"column":18},"end":{"line":121,"column":53}},"42":{"start":{"line":122,"column":18},"end":{"line":122,"column":49}},"43":{"start":{"line":134,"column":18},"end":{"line":142,"column":19}},"44":{"start":{"line":135,"column":20},"end":{"line":135,"column":55}},"45":{"start":{"line":136,"column":20},"end":{"line":136,"column":51}},"46":{"start":{"line":137,"column":20},"end":{"line":137,"column":52}},"47":{"start":{"line":139,"column":20},"end":{"line":139,"column":55}},"48":{"start":{"line":140,"column":20},"end":{"line":140,"column":51}},"49":{"start":{"line":141,"column":20},"end":{"line":141,"column":53}},"50":{"start":{"line":145,"column":18},"end":{"line":145,"column":50}},"51":{"start":{"line":146,"column":18},"end":{"line":146,"column":52}},"52":{"start":{"line":147,"column":18},"end":{"line":147,"column":53}},"53":{"start":{"line":148,"column":18},"end":{"line":148,"column":49}},"54":{"start":{"line":149,"column":18},"end":{"line":149,"column":53}},"55":{"start":{"line":150,"column":18},"end":{"line":150,"column":49}},"56":{"start":{"line":167,"column":18},"end":{"line":175,"column":19}},"57":{"start":{"line":168,"column":20},"end":{"line":168,"column":55}},"58":{"start":{"line":169,"column":20},"end":{"line":169,"column":51}},"59":{"start":{"line":170,"column":20},"end":{"line":170,"column":52}},"60":{"start":{"line":172,"column":20},"end":{"line":172,"column":55}},"61":{"start":{"line":173,"column":20},"end":{"line":173,"column":51}},"62":{"start":{"line":174,"column":20},"end":{"line":174,"column":53}},"63":{"start":{"line":178,"column":18},"end":{"line":178,"column":50}},"64":{"start":{"line":179,"column":18},"end":{"line":179,"column":52}},"65":{"start":{"line":180,"column":18},"end":{"line":180,"column":53}},"66":{"start":{"line":181,"column":18},"end":{"line":181,"column":49}},"67":{"start":{"line":182,"column":18},"end":{"line":182,"column":53}},"68":{"start":{"line":183,"column":18},"end":{"line":183,"column":49}},"69":{"start":{"line":197,"column":0},"end":{"line":197,"column":30}}},"fnMap":{"0":{"name":"(anonymous_0)","decl":{"start":{"line":14,"column":2},"end":{"line":14,"column":3}},"loc":{"start":{"line":14,"column":21},"end":{"line":21,"column":3}},"line":14},"1":{"name":"(anonymous_1)","decl":{"start":{"line":23,"column":2},"end":{"line":23,"column":3}},"loc":{"start":{"line":23,"column":19},"end":{"line":25,"column":3}},"line":23},"2":{"name":"(anonymous_2)","decl":{"start":{"line":27,"column":2},"end":{"line":27,"column":3}},"loc":{"start":{"line":27,"column":11},"end":{"line":194,"column":3}},"line":27},"3":{"name":"(anonymous_3)","decl":{"start":{"line":30,"column":46},"end":{"line":30,"column":47}},"loc":{"start":{"line":30,"column":56},"end":{"line":36,"column":5}},"line":30},"4":{"name":"(anonymous_4)","decl":{"start":{"line":32,"column":19},"end":{"line":32,"column":20}},"loc":{"start":{"line":32,"column":39},"end":{"line":35,"column":7}},"line":32},"5":{"name":"(anonymous_5)","decl":{"start":{"line":36,"column":12},"end":{"line":36,"column":13}},"loc":{"start":{"line":36,"column":18},"end":{"line":38,"column":5}},"line":36},"6":{"name":"(anonymous_6)","decl":{"start":{"line":59,"column":30},"end":{"line":59,"column":31}},"loc":{"start":{"line":59,"column":37},"end":{"line":69,"column":17}},"line":59},"7":{"name":"(anonymous_7)","decl":{"start":{"line":70,"column":30},"end":{"line":70,"column":31}},"loc":{"start":{"line":70,"column":36},"end":{"line":77,"column":17}},"line":70},"8":{"name":"(anonymous_8)","decl":{"start":{"line":88,"column":34},"end":{"line":88,"column":35}},"loc":{"start":{"line":88,"column":40},"end":{"line":88,"column":72}},"line":88},"9":{"name":"(anonymous_9)","decl":{"start":{"line":89,"column":37},"end":{"line":89,"column":38}},"loc":{"start":{"line":89,"column":43},"end":{"line":91,"column":20}},"line":89},"10":{"name":"(anonymous_10)","decl":{"start":{"line":93,"column":37},"end":{"line":93,"column":38}},"loc":{"start":{"line":93,"column":43},"end":{"line":95,"column":20}},"line":93},"11":{"name":"(anonymous_11)","decl":{"start":{"line":105,"column":30},"end":{"line":105,"column":31}},"loc":{"start":{"line":105,"column":37},"end":{"line":115,"column":17}},"line":105},"12":{"name":"(anonymous_12)","decl":{"start":{"line":116,"column":30},"end":{"line":116,"column":31}},"loc":{"start":{"line":116,"column":36},"end":{"line":123,"column":17}},"line":116},"13":{"name":"(anonymous_13)","decl":{"start":{"line":133,"column":30},"end":{"line":133,"column":31}},"loc":{"start":{"line":133,"column":37},"end":{"line":143,"column":17}},"line":133},"14":{"name":"(anonymous_14)","decl":{"start":{"line":144,"column":30},"end":{"line":144,"column":31}},"loc":{"start":{"line":144,"column":36},"end":{"line":151,"column":17}},"line":144},"15":{"name":"(anonymous_15)","decl":{"start":{"line":166,"column":30},"end":{"line":166,"column":31}},"loc":{"start":{"line":166,"column":37},"end":{"line":176,"column":17}},"line":166},"16":{"name":"(anonymous_16)","decl":{"start":{"line":177,"column":30},"end":{"line":177,"column":31}},"loc":{"start":{"line":177,"column":36},"end":{"line":184,"column":17}},"line":177}},"branchMap":{"0":{"loc":{"start":{"line":60,"column":18},"end":{"line":68,"column":19}},"type":"if","locations":[{"start":{"line":60,"column":18},"end":{"line":68,"column":19}},{"start":{"line":60,"column":18},"end":{"line":68,"column":19}}],"line":60},"1":{"loc":{"start":{"line":82,"column":15},"end":{"line":98,"column":15}},"type":"binary-expr","locations":[{"start":{"line":82,"column":15},"end":{"line":82,"column":21}},{"start":{"line":83,"column":16},"end":{"line":97,"column":18}}],"line":82},"2":{"loc":{"start":{"line":106,"column":18},"end":{"line":114,"column":19}},"type":"if","locations":[{"start":{"line":106,"column":18},"end":{"line":114,"column":19}},{"start":{"line":106,"column":18},"end":{"line":114,"column":19}}],"line":106},"3":{"loc":{"start":{"line":134,"column":18},"end":{"line":142,"column":19}},"type":"if","locations":[{"start":{"line":134,"column":18},"end":{"line":142,"column":19}},{"start":{"line":134,"column":18},"end":{"line":142,"column":19}}],"line":134},"4":{"loc":{"start":{"line":167,"column":18},"end":{"line":175,"column":19}},"type":"if","locations":[{"start":{"line":167,"column":18},"end":{"line":175,"column":19}},{"start":{"line":167,"column":18},"end":{"line":175,"column":19}}],"line":167}},"s":{"0":2,"1":2,"2":6,"3":6,"4":6,"5":1,"6":7,"7":7,"8":0,"9":0,"10":0,"11":0,"12":0,"13":7,"14":0,"15":0,"16":0,"17":0,"18":0,"19":0,"20":0,"21":0,"22":0,"23":0,"24":0,"25":0,"26":0,"27":0,"28":0,"29":0,"30":0,"31":0,"32":0,"33":0,"34":0,"35":0,"36":0,"37":0,"38":0,"39":0,"40":0,"41":0,"42":0,"43":0,"44":0,"45":0,"46":0,"47":0,"48":0,"49":0,"50":0,"51":0,"52":0,"53":0,"54":0,"55":0,"56":0,"57":0,"58":0,"59":0,"60":0,"61":0,"62":0,"63":0,"64":0,"65":0,"66":0,"67":0,"68":0,"69":2},"f":{"0":6,"1":1,"2":7,"3":0,"4":0,"5":0,"6":0,"7":0,"8":0,"9":0,"10":0,"11":0,"12":0,"13":0,"14":0,"15":0,"16":0},"b":{"0":[0,0],"1":[7,1],"2":[0,0],"3":[0,0],"4":[0,0]},"_coverageSchema":"332fd63041d2c1bcb487cc26dd0d5f7d97098a6c","hash":"8c8c83ca55acd0642a9c0010a89ed97a3a8c0f94"}
,"/Users/Steven/photo-gallery/db/index.js": {"path":"/Users/Steven/photo-gallery/db/index.js","statementMap":{"0":{"start":{"line":1,"column":14},"end":{"line":1,"column":30}},"1":{"start":{"line":3,"column":19},"end":{"line":8,"column":2}},"2":{"start":{"line":10,"column":0},"end":{"line":10,"column":21}},"3":{"start":{"line":12,"column":20},"end":{"line":18,"column":1}},"4":{"start":{"line":13,"column":2},"end":{"line":17,"column":5}},"5":{"start":{"line":14,"column":4},"end":{"line":14,"column":27}},"6":{"start":{"line":14,"column":15},"end":{"line":14,"column":27}},"7":{"start":{"line":15,"column":4},"end":{"line":15,"column":25}},"8":{"start":{"line":16,"column":4},"end":{"line":16,"column":21}},"9":{"start":{"line":21,"column":0},"end":{"line":21,"column":45}}},"fnMap":{"0":{"name":"(anonymous_0)","decl":{"start":{"line":12,"column":20},"end":{"line":12,"column":21}},"loc":{"start":{"line":12,"column":40},"end":{"line":18,"column":1}},"line":12},"1":{"name":"(anonymous_1)","decl":{"start":{"line":13,"column":177},"end":{"line":13,"column":178}},"loc":{"start":{"line":13,"column":197},"end":{"line":17,"column":3}},"line":13}},"branchMap":{"0":{"loc":{"start":{"line":14,"column":4},"end":{"line":14,"column":27}},"type":"if","locations":[{"start":{"line":14,"column":4},"end":{"line":14,"column":27}},{"start":{"line":14,"column":4},"end":{"line":14,"column":27}}],"line":14}},"s":{"0":2,"1":2,"2":2,"3":2,"4":0,"5":0,"6":0,"7":0,"8":0,"9":2},"f":{"0":0,"1":0},"b":{"0":[0,0]},"_coverageSchema":"332fd63041d2c1bcb487cc26dd0d5f7d97098a6c","hash":"233f9639127c230e16ac48e72e396baed7e27098"}
,"/Users/Steven/photo-gallery/sampleData/sampleData.js": {"path":"/Users/Steven/photo-gallery/sampleData/sampleData.js","statementMap":{"0":{"start":{"line":1,"column":12},"end":{"line":1,"column":648}},"1":{"start":{"line":2,"column":18},"end":{"line":102,"column":1}},"2":{"start":{"line":104,"column":31},"end":{"line":110,"column":1}},"3":{"start":{"line":105,"column":24},"end":{"line":105,"column":26}},"4":{"start":{"line":106,"column":2},"end":{"line":108,"column":3}},"5":{"start":{"line":107,"column":4},"end":{"line":107,"column":88}},"6":{"start":{"line":109,"column":2},"end":{"line":109,"column":25}},"7":{"start":{"line":112,"column":28},"end":{"line":126,"column":1}},"8":{"start":{"line":113,"column":14},"end":{"line":113,"column":65}},"9":{"start":{"line":114,"column":24},"end":{"line":114,"column":26}},"10":{"start":{"line":117,"column":2},"end":{"line":124,"column":3}},"11":{"start":{"line":118,"column":4},"end":{"line":123,"column":5}},"12":{"start":{"line":119,"column":31},"end":{"line":119,"column":80}},"13":{"start":{"line":120,"column":6},"end":{"line":120,"column":49}},"14":{"start":{"line":121,"column":6},"end":{"line":121,"column":52}},"15":{"start":{"line":122,"column":6},"end":{"line":122,"column":174}},"16":{"start":{"line":125,"column":2},"end":{"line":125,"column":25}},"17":{"start":{"line":128,"column":0},"end":{"line":128,"column":36}},"18":{"start":{"line":130,"column":0},"end":{"line":130,"column":40}},"19":{"start":{"line":132,"column":0},"end":{"line":135,"column":2}}},"fnMap":{"0":{"name":"(anonymous_0)","decl":{"start":{"line":104,"column":31},"end":{"line":104,"column":32}},"loc":{"start":{"line":104,"column":48},"end":{"line":110,"column":1}},"line":104},"1":{"name":"(anonymous_1)","decl":{"start":{"line":112,"column":28},"end":{"line":112,"column":29}},"loc":{"start":{"line":112,"column":55},"end":{"line":126,"column":1}},"line":112}},"branchMap":{},"s":{"0":1,"1":1,"2":1,"3":3,"4":3,"5":104,"6":3,"7":1,"8":3,"9":3,"10":3,"11":104,"12":312,"13":312,"14":312,"15":312,"16":3,"17":1,"18":1,"19":1},"f":{"0":3,"1":3},"b":{},"_coverageSchema":"332fd63041d2c1bcb487cc26dd0d5f7d97098a6c","hash":"e4b8d56100e63bfd681c91fc0cba1d47b695563d"}
,"/Users/Steven/photo-gallery/server/server.js": {"path":"/Users/Steven/photo-gallery/server/server.js","statementMap":{"0":{"start":{"line":1,"column":16},"end":{"line":1,"column":34}},"1":{"start":{"line":3,"column":11},"end":{"line":3,"column":35}},"2":{"start":{"line":5,"column":12},"end":{"line":5,"column":21}},"3":{"start":{"line":7,"column":0},"end":{"line":7,"column":39}},"4":{"start":{"line":9,"column":0},"end":{"line":12,"column":3}},"5":{"start":{"line":10,"column":2},"end":{"line":10,"column":26}},"6":{"start":{"line":11,"column":2},"end":{"line":11,"column":45}},"7":{"start":{"line":14,"column":0},"end":{"line":14,"column":69}},"8":{"start":{"line":14,"column":23},"end":{"line":14,"column":67}},"9":{"start":{"line":16,"column":0},"end":{"line":16,"column":21}}},"fnMap":{"0":{"name":"(anonymous_0)","decl":{"start":{"line":9,"column":28},"end":{"line":9,"column":29}},"loc":{"start":{"line":9,"column":42},"end":{"line":12,"column":1}},"line":9},"1":{"name":"(anonymous_1)","decl":{"start":{"line":14,"column":17},"end":{"line":14,"column":18}},"loc":{"start":{"line":14,"column":23},"end":{"line":14,"column":67}},"line":14}},"branchMap":{},"s":{"0":1,"1":1,"2":1,"3":1,"4":1,"5":0,"6":0,"7":1,"8":0,"9":1},"f":{"0":0,"1":0},"b":{},"_coverageSchema":"332fd63041d2c1bcb487cc26dd0d5f7d97098a6c","hash":"e20ae581543163ec5dbe2d231636989736e9a708"}
}
