{"/Users/Steven/photo-gallery/client/components/photogallery.jsx": {"path":"/Users/Steven/photo-gallery/client/components/photogallery.jsx","statementMap":{"0":{"start":{"line":3,"column":10},"end":{"line":3,"column":27}},"1":{"start":{"line":7,"column":4},"end":{"line":7,"column":17}},"2":{"start":{"line":8,"column":4},"end":{"line":109,"column":6}},"3":{"start":{"line":110,"column":4},"end":{"line":110,"column":51}},"4":{"start":{"line":111,"column":4},"end":{"line":111,"column":57}},"5":{"start":{"line":112,"column":4},"end":{"line":112,"column":55}},"6":{"start":{"line":116,"column":23},"end":{"line":116,"column":80}},"7":{"start":{"line":117,"column":4},"end":{"line":117,"column":28}},"8":{"start":{"line":118,"column":4},"end":{"line":118,"column":22}},"9":{"start":{"line":128,"column":4},"end":{"line":128,"column":39}},"10":{"start":{"line":129,"column":4},"end":{"line":129,"column":35}},"11":{"start":{"line":130,"column":4},"end":{"line":130,"column":37}},"12":{"start":{"line":135,"column":4},"end":{"line":135,"column":36}},"13":{"start":{"line":136,"column":4},"end":{"line":136,"column":38}},"14":{"start":{"line":137,"column":4},"end":{"line":137,"column":39}},"15":{"start":{"line":138,"column":4},"end":{"line":138,"column":35}},"16":{"start":{"line":139,"column":4},"end":{"line":139,"column":39}},"17":{"start":{"line":140,"column":4},"end":{"line":140,"column":35}},"18":{"start":{"line":145,"column":4},"end":{"line":151,"column":7}},"19":{"start":{"line":146,"column":6},"end":{"line":148,"column":9}},"20":{"start":{"line":147,"column":8},"end":{"line":147,"column":55}},"21":{"start":{"line":150,"column":6},"end":{"line":150,"column":27}},"22":{"start":{"line":153,"column":4},"end":{"line":195,"column":6}},"23":{"start":{"line":199,"column":0},"end":{"line":199,"column":30}}},"fnMap":{"0":{"name":"(anonymous_0)","decl":{"start":{"line":6,"column":2},"end":{"line":6,"column":3}},"loc":{"start":{"line":6,"column":21},"end":{"line":113,"column":3}},"line":6},"1":{"name":"(anonymous_1)","decl":{"start":{"line":115,"column":2},"end":{"line":115,"column":3}},"loc":{"start":{"line":115,"column":24},"end":{"line":119,"column":3}},"line":115},"2":{"name":"(anonymous_2)","decl":{"start":{"line":121,"column":2},"end":{"line":121,"column":3}},"loc":{"start":{"line":121,"column":17},"end":{"line":124,"column":3}},"line":121},"3":{"name":"(anonymous_3)","decl":{"start":{"line":126,"column":2},"end":{"line":126,"column":3}},"loc":{"start":{"line":126,"column":20},"end":{"line":131,"column":3}},"line":126},"4":{"name":"(anonymous_4)","decl":{"start":{"line":133,"column":2},"end":{"line":133,"column":3}},"loc":{"start":{"line":133,"column":18},"end":{"line":141,"column":3}},"line":133},"5":{"name":"(anonymous_5)","decl":{"start":{"line":143,"column":2},"end":{"line":143,"column":3}},"loc":{"start":{"line":143,"column":11},"end":{"line":196,"column":3}},"line":143},"6":{"name":"(anonymous_6)","decl":{"start":{"line":145,"column":46},"end":{"line":145,"column":47}},"loc":{"start":{"line":145,"column":56},"end":{"line":149,"column":5}},"line":145},"7":{"name":"(anonymous_7)","decl":{"start":{"line":146,"column":19},"end":{"line":146,"column":20}},"loc":{"start":{"line":146,"column":39},"end":{"line":148,"column":7}},"line":146},"8":{"name":"(anonymous_8)","decl":{"start":{"line":149,"column":12},"end":{"line":149,"column":13}},"loc":{"start":{"line":149,"column":18},"end":{"line":151,"column":5}},"line":149}},"branchMap":{},"s":{"0":2,"1":6,"2":6,"3":6,"4":6,"5":6,"6":1,"7":1,"8":1,"9":1,"10":1,"11":1,"12":1,"13":1,"14":1,"15":1,"16":1,"17":1,"18":6,"19":0,"20":0,"21":0,"22":6,"23":2},"f":{"0":6,"1":1,"2":1,"3":1,"4":1,"5":6,"6":0,"7":0,"8":0},"b":{},"_coverageSchema":"332fd63041d2c1bcb487cc26dd0d5f7d97098a6c","hash":"bbd885420cadda5158b767f4d95449746b7bc0d4"}
,"/Users/Steven/photo-gallery/db/index.js": {"path":"/Users/Steven/photo-gallery/db/index.js","statementMap":{"0":{"start":{"line":1,"column":14},"end":{"line":1,"column":30}},"1":{"start":{"line":3,"column":19},"end":{"line":8,"column":2}},"2":{"start":{"line":10,"column":0},"end":{"line":10,"column":21}},"3":{"start":{"line":12,"column":20},"end":{"line":18,"column":1}},"4":{"start":{"line":13,"column":2},"end":{"line":17,"column":5}},"5":{"start":{"line":14,"column":4},"end":{"line":14,"column":27}},"6":{"start":{"line":14,"column":15},"end":{"line":14,"column":27}},"7":{"start":{"line":15,"column":4},"end":{"line":15,"column":25}},"8":{"start":{"line":16,"column":4},"end":{"line":16,"column":21}},"9":{"start":{"line":21,"column":0},"end":{"line":21,"column":45}}},"fnMap":{"0":{"name":"(anonymous_0)","decl":{"start":{"line":12,"column":20},"end":{"line":12,"column":21}},"loc":{"start":{"line":12,"column":40},"end":{"line":18,"column":1}},"line":12},"1":{"name":"(anonymous_1)","decl":{"start":{"line":13,"column":177},"end":{"line":13,"column":178}},"loc":{"start":{"line":13,"column":197},"end":{"line":17,"column":3}},"line":13}},"branchMap":{"0":{"loc":{"start":{"line":14,"column":4},"end":{"line":14,"column":27}},"type":"if","locations":[{"start":{"line":14,"column":4},"end":{"line":14,"column":27}},{"start":{"line":14,"column":4},"end":{"line":14,"column":27}}],"line":14}},"s":{"0":2,"1":2,"2":2,"3":2,"4":0,"5":0,"6":0,"7":0,"8":0,"9":2},"f":{"0":0,"1":0},"b":{"0":[0,0]},"_coverageSchema":"332fd63041d2c1bcb487cc26dd0d5f7d97098a6c","hash":"233f9639127c230e16ac48e72e396baed7e27098"}
,"/Users/Steven/photo-gallery/sampleData/sampleData.js": {"path":"/Users/Steven/photo-gallery/sampleData/sampleData.js","statementMap":{"0":{"start":{"line":1,"column":12},"end":{"line":1,"column":648}},"1":{"start":{"line":2,"column":18},"end":{"line":102,"column":1}},"2":{"start":{"line":104,"column":31},"end":{"line":110,"column":1}},"3":{"start":{"line":105,"column":24},"end":{"line":105,"column":26}},"4":{"start":{"line":106,"column":2},"end":{"line":108,"column":3}},"5":{"start":{"line":107,"column":4},"end":{"line":107,"column":88}},"6":{"start":{"line":109,"column":2},"end":{"line":109,"column":25}},"7":{"start":{"line":112,"column":28},"end":{"line":126,"column":1}},"8":{"start":{"line":113,"column":14},"end":{"line":113,"column":65}},"9":{"start":{"line":114,"column":24},"end":{"line":114,"column":26}},"10":{"start":{"line":117,"column":2},"end":{"line":124,"column":3}},"11":{"start":{"line":118,"column":4},"end":{"line":123,"column":5}},"12":{"start":{"line":119,"column":31},"end":{"line":119,"column":80}},"13":{"start":{"line":120,"column":6},"end":{"line":120,"column":49}},"14":{"start":{"line":121,"column":6},"end":{"line":121,"column":52}},"15":{"start":{"line":122,"column":6},"end":{"line":122,"column":174}},"16":{"start":{"line":125,"column":2},"end":{"line":125,"column":25}},"17":{"start":{"line":128,"column":0},"end":{"line":128,"column":36}},"18":{"start":{"line":130,"column":0},"end":{"line":130,"column":40}},"19":{"start":{"line":132,"column":0},"end":{"line":135,"column":2}}},"fnMap":{"0":{"name":"(anonymous_0)","decl":{"start":{"line":104,"column":31},"end":{"line":104,"column":32}},"loc":{"start":{"line":104,"column":48},"end":{"line":110,"column":1}},"line":104},"1":{"name":"(anonymous_1)","decl":{"start":{"line":112,"column":28},"end":{"line":112,"column":29}},"loc":{"start":{"line":112,"column":55},"end":{"line":126,"column":1}},"line":112}},"branchMap":{},"s":{"0":1,"1":1,"2":1,"3":3,"4":3,"5":104,"6":3,"7":1,"8":3,"9":3,"10":3,"11":104,"12":312,"13":312,"14":312,"15":312,"16":3,"17":1,"18":1,"19":1},"f":{"0":3,"1":3},"b":{},"_coverageSchema":"332fd63041d2c1bcb487cc26dd0d5f7d97098a6c","hash":"e4b8d56100e63bfd681c91fc0cba1d47b695563d"}
,"/Users/Steven/photo-gallery/server/server.js": {"path":"/Users/Steven/photo-gallery/server/server.js","statementMap":{"0":{"start":{"line":1,"column":16},"end":{"line":1,"column":34}},"1":{"start":{"line":3,"column":11},"end":{"line":3,"column":35}},"2":{"start":{"line":5,"column":12},"end":{"line":5,"column":21}},"3":{"start":{"line":7,"column":0},"end":{"line":7,"column":39}},"4":{"start":{"line":9,"column":0},"end":{"line":12,"column":3}},"5":{"start":{"line":10,"column":2},"end":{"line":10,"column":26}},"6":{"start":{"line":11,"column":2},"end":{"line":11,"column":45}},"7":{"start":{"line":14,"column":0},"end":{"line":14,"column":69}},"8":{"start":{"line":14,"column":23},"end":{"line":14,"column":67}},"9":{"start":{"line":16,"column":0},"end":{"line":16,"column":21}}},"fnMap":{"0":{"name":"(anonymous_0)","decl":{"start":{"line":9,"column":28},"end":{"line":9,"column":29}},"loc":{"start":{"line":9,"column":42},"end":{"line":12,"column":1}},"line":9},"1":{"name":"(anonymous_1)","decl":{"start":{"line":14,"column":17},"end":{"line":14,"column":18}},"loc":{"start":{"line":14,"column":23},"end":{"line":14,"column":67}},"line":14}},"branchMap":{},"s":{"0":1,"1":1,"2":1,"3":1,"4":1,"5":0,"6":0,"7":1,"8":0,"9":1},"f":{"0":0,"1":0},"b":{},"_coverageSchema":"332fd63041d2c1bcb487cc26dd0d5f7d97098a6c","hash":"e20ae581543163ec5dbe2d231636989736e9a708"}
}
