TN:
SF:/Users/Steven/photo-gallery/assetsTransformer.js
FNF:0
FNH:0
DA:1,2
DA:3,2
DA:5,0
LF:3
LH:2
BRF:0
BRH:0
end_of_record
TN:
SF:/Users/Steven/photo-gallery/client/components/photogallery.jsx
FN:13,(anonymous_0)
FN:26,(anonymous_1)
FN:30,(anonymous_2)
FN:34,(anonymous_3)
FN:47,(anonymous_4)
FN:56,(anonymous_5)
FN:59,(anonymous_6)
FN:61,(anonymous_7)
FN:65,(anonymous_8)
FN:99,(anonymous_9)
FN:100,(anonymous_10)
FN:104,(anonymous_11)
FNF:12
FNH:6
FNDA:5,(anonymous_0)
FNDA:5,(anonymous_1)
FNDA:1,(anonymous_2)
FNDA:1,(anonymous_3)
FNDA:1,(anonymous_4)
FNDA:11,(anonymous_5)
FNDA:0,(anonymous_6)
FNDA:0,(anonymous_7)
FNDA:0,(anonymous_8)
FNDA:0,(anonymous_9)
FNDA:0,(anonymous_10)
FNDA:0,(anonymous_11)
DA:8,2
DA:10,2
DA:14,5
DA:15,5
DA:21,5
DA:22,5
DA:23,5
DA:27,5
DA:31,1
DA:35,1
DA:36,1
DA:37,0
DA:38,0
DA:39,0
DA:41,1
DA:42,1
DA:43,1
DA:48,1
DA:49,1
DA:50,1
DA:51,1
DA:52,1
DA:53,1
DA:57,11
DA:59,11
DA:60,0
DA:61,0
DA:62,0
DA:63,0
DA:66,0
DA:69,11
DA:99,0
DA:100,0
DA:104,0
DA:150,2
LF:35
LH:24
BRDA:36,0,0,0
BRDA:36,0,1,1
BRDA:93,1,0,11
BRDA:93,1,1,1
BRF:4
BRH:3
end_of_record
TN:
SF:/Users/Steven/photo-gallery/db/index.js
FN:12,(anonymous_0)
FN:13,(anonymous_1)
FNF:2
FNH:0
FNDA:0,(anonymous_0)
FNDA:0,(anonymous_1)
DA:1,2
DA:3,2
DA:10,2
DA:12,2
DA:13,0
DA:14,0
DA:15,0
DA:16,0
DA:21,2
LF:9
LH:5
BRDA:14,0,0,0
BRDA:14,0,1,0
BRF:2
BRH:0
end_of_record
TN:
SF:/Users/Steven/photo-gallery/sampleData/sampleData.js
FN:104,(anonymous_0)
FN:112,(anonymous_1)
FNF:2
FNH:2
FNDA:3,(anonymous_0)
FNDA:3,(anonymous_1)
DA:1,1
DA:2,1
DA:104,1
DA:105,3
DA:106,3
DA:107,104
DA:109,3
DA:112,1
DA:113,3
DA:114,3
DA:117,3
DA:118,104
DA:119,312
DA:120,312
DA:121,312
DA:122,312
DA:125,3
DA:128,1
DA:130,1
DA:132,1
LF:20
LH:20
BRF:0
BRH:0
end_of_record
TN:
SF:/Users/Steven/photo-gallery/server/server.js
FN:9,(anonymous_0)
FN:14,(anonymous_1)
FNF:2
FNH:0
FNDA:0,(anonymous_0)
FNDA:0,(anonymous_1)
DA:1,1
DA:3,1
DA:5,1
DA:7,1
DA:9,1
DA:10,0
DA:11,0
DA:14,1
DA:16,1
LF:9
LH:7
BRF:0
BRH:0
end_of_record
