TN:
SF:/Users/Steven/photo-gallery/assetsTransformer.js
FNF:0
FNH:0
DA:1,2
DA:3,2
DA:5,0
LF:3
LH:2
BRF:0
BRH:0
end_of_record
TN:
SF:/Users/Steven/photo-gallery/client/components/photogallery.jsx
FN:14,(anonymous_0)
FN:23,(anonymous_1)
FN:27,(anonymous_2)
FN:30,(anonymous_3)
FN:32,(anonymous_4)
FN:36,(anonymous_5)
FN:59,(anonymous_6)
FN:70,(anonymous_7)
FN:88,(anonymous_8)
FN:89,(anonymous_9)
FN:93,(anonymous_10)
FN:105,(anonymous_11)
FN:116,(anonymous_12)
FN:133,(anonymous_13)
FN:144,(anonymous_14)
FN:166,(anonymous_15)
FN:177,(anonymous_16)
FNF:17
FNH:3
FNDA:6,(anonymous_0)
FNDA:1,(anonymous_1)
FNDA:7,(anonymous_2)
FNDA:0,(anonymous_3)
FNDA:0,(anonymous_4)
FNDA:0,(anonymous_5)
FNDA:0,(anonymous_6)
FNDA:0,(anonymous_7)
FNDA:0,(anonymous_8)
FNDA:0,(anonymous_9)
FNDA:0,(anonymous_10)
FNDA:0,(anonymous_11)
FNDA:0,(anonymous_12)
FNDA:0,(anonymous_13)
FNDA:0,(anonymous_14)
FNDA:0,(anonymous_15)
FNDA:0,(anonymous_16)
DA:9,2
DA:11,2
DA:15,6
DA:16,6
DA:20,6
DA:24,1
DA:28,7
DA:30,7
DA:31,0
DA:32,0
DA:33,0
DA:34,0
DA:37,0
DA:40,7
DA:60,0
DA:61,0
DA:62,0
DA:63,0
DA:65,0
DA:66,0
DA:67,0
DA:71,0
DA:72,0
DA:73,0
DA:74,0
DA:75,0
DA:76,0
DA:88,0
DA:89,0
DA:93,0
DA:106,0
DA:107,0
DA:108,0
DA:109,0
DA:111,0
DA:112,0
DA:113,0
DA:117,0
DA:118,0
DA:119,0
DA:120,0
DA:121,0
DA:122,0
DA:134,0
DA:135,0
DA:136,0
DA:137,0
DA:139,0
DA:140,0
DA:141,0
DA:145,0
DA:146,0
DA:147,0
DA:148,0
DA:149,0
DA:150,0
DA:167,0
DA:168,0
DA:169,0
DA:170,0
DA:172,0
DA:173,0
DA:174,0
DA:178,0
DA:179,0
DA:180,0
DA:181,0
DA:182,0
DA:183,0
DA:197,2
LF:70
LH:10
BRDA:60,0,0,0
BRDA:60,0,1,0
BRDA:82,1,0,7
BRDA:82,1,1,1
BRDA:106,2,0,0
BRDA:106,2,1,0
BRDA:134,3,0,0
BRDA:134,3,1,0
BRDA:167,4,0,0
BRDA:167,4,1,0
BRF:10
BRH:2
end_of_record
TN:
SF:/Users/Steven/photo-gallery/db/index.js
FN:12,(anonymous_0)
FN:13,(anonymous_1)
FNF:2
FNH:0
FNDA:0,(anonymous_0)
FNDA:0,(anonymous_1)
DA:1,2
DA:3,2
DA:10,2
DA:12,2
DA:13,0
DA:14,0
DA:15,0
DA:16,0
DA:21,2
LF:9
LH:5
BRDA:14,0,0,0
BRDA:14,0,1,0
BRF:2
BRH:0
end_of_record
TN:
SF:/Users/Steven/photo-gallery/sampleData/sampleData.js
FN:104,(anonymous_0)
FN:112,(anonymous_1)
FNF:2
FNH:2
FNDA:3,(anonymous_0)
FNDA:3,(anonymous_1)
DA:1,1
DA:2,1
DA:104,1
DA:105,3
DA:106,3
DA:107,104
DA:109,3
DA:112,1
DA:113,3
DA:114,3
DA:117,3
DA:118,104
DA:119,312
DA:120,312
DA:121,312
DA:122,312
DA:125,3
DA:128,1
DA:130,1
DA:132,1
LF:20
LH:20
BRF:0
BRH:0
end_of_record
TN:
SF:/Users/Steven/photo-gallery/server/server.js
FN:9,(anonymous_0)
FN:14,(anonymous_1)
FNF:2
FNH:0
FNDA:0,(anonymous_0)
FNDA:0,(anonymous_1)
DA:1,1
DA:3,1
DA:5,1
DA:7,1
DA:9,1
DA:10,0
DA:11,0
DA:14,1
DA:16,1
LF:9
LH:7
BRF:0
BRH:0
end_of_record
